Building DAG of jobs...
Using shell: /bin/bash
Provided cores: 1 (use --cores to define parallelism)
Rules claiming more threads will be scaled down.
Job stats:
job         count    min threads    max threads
--------  -------  -------------  -------------
BBDuk_PE        1              1              1
all             1              1              1
total           2              1              1

Select jobs to execute...

[Mon Jan  3 14:52:01 2022]
rule BBDuk_PE:
    input: ../resources/sample1_R1_FASTQ.fastq, ../resources/sample1_R2_FASTQ.fastq
    output: ../results/RawReads/sample1_testing
    jobid: 1
    wildcards: sample=sample1
    resources: tmpdir=/tmp

[Mon Jan  3 14:52:02 2022]
Finished job 1.
1 of 2 steps (50%) done
Select jobs to execute...

[Mon Jan  3 14:52:02 2022]
localrule all:
    input: ../results/RawReads/sample1_testing, ../results/projectname_BBDuk_SessionInfo.csv
    jobid: 0
    resources: tmpdir=/tmp

[Mon Jan  3 14:52:02 2022]
Finished job 0.
2 of 2 steps (100%) done
Complete log: /home/rebecca/omicon/transformations/BBDuk/Snakemake/workflow/.snakemake/log/2022-01-03T145201.434825.snakemake.log
