Building DAG of jobs...
Using shell: /bin/bash
Provided cores: 4
Rules claiming more threads will be scaled down.
Job stats:
job             count    min threads    max threads
------------  -------  -------------  -------------
BBDuk_PE            1              1              1
all                 1              1              1
param_config        1              1              1
session_info        1              1              1
total               4              1              1

Select jobs to execute...

[Mon Jan  3 16:55:28 2022]
rule param_config:
    output: ../results/projectname_BBDuk/projectname_ParamConfig.yaml
    jobid: 3
    wildcards: projectname=projectname, transformation=BBDuk
    resources: tmpdir=/tmp


[Mon Jan  3 16:55:28 2022]
rule session_info:
    output: ../results/projectname_BBDuk/projectname_SessionInfo.csv
    jobid: 2
    wildcards: projectname=projectname_BBDuk/projectname
    resources: tmpdir=/tmp

[Mon Jan  3 16:55:28 2022]
rule BBDuk_PE:
    input: ../resources/SF10711_9-1-22_CAGATC_L001_001_R1_FASTQ.fastq, ../resources/SF10711_9-1-22_CAGATC_L001_001_R2_FASTQ.fastq
    output: ../results/projectname_RawReads/SF10711_9-1-22_CAGATC_L001_001_R1_trimmed_FASTQ.fastq, ../results/projectname_RawReads/SF10711_9-1-22_CAGATC_L001_001_R2_trimmed_FASTQ.fastq
    jobid: 1
    wildcards: projectname=projectname, sample=SF10711_9-1-22_CAGATC_L001_001
    resources: tmpdir=/tmp

[Mon Jan  3 16:55:28 2022]
Finished job 3.
1 of 4 steps (25%) done
[Mon Jan  3 16:55:28 2022]
Finished job 2.
2 of 4 steps (50%) done
[Mon Jan  3 16:55:33 2022]
Finished job 1.
3 of 4 steps (75%) done
Select jobs to execute...

[Mon Jan  3 16:55:33 2022]
localrule all:
    input: ../results/projectname_RawReads/SF10711_9-1-22_CAGATC_L001_001_R1_trimmed_FASTQ.fastq, ../results/projectname_RawReads/SF10711_9-1-22_CAGATC_L001_001_R2_trimmed_FASTQ.fastq, ../results/projectname_BBDuk/projectname_SessionInfo.csv, ../results/projectname_BBDuk/projectname_ParamConfig.yaml
    jobid: 0
    resources: tmpdir=/tmp

[Mon Jan  3 16:55:33 2022]
Finished job 0.
4 of 4 steps (100%) done
Complete log: /home/rebecca/omicon/transformations/BBDuk/Snakemake/workflow/.snakemake/log/2022-01-03T165528.328449.snakemake.log
