Building DAG of jobs...
Job stats:
job             count    min threads    max threads
------------  -------  -------------  -------------
all                 1              1              1
attributes          1              1              1
session_info        1              1              1
total               3              1              1


[Mon Jan  3 15:14:06 2022]
rule session_info:
    output: ../results/projectname_BBDuk_SessionInfo.csv
    jobid: 2
    wildcards: projectname=projectname
    resources: tmpdir=/tmp

[Mon Jan  3 15:14:06 2022]
rule attributes:
    output: ../results/projectname_RawReads/sample1_testing
    jobid: 1
    wildcards: projectname=projectname, sample=sample1
    resources: tmpdir=/tmp

RuleException in line 48 of /home/rebecca/omicon/transformations/BBDuk/Snakemake/workflow/Snakefile:
NameError: The name 'projectname' is unknown in this context. Did you mean 'wildcards.projectname'?
