Building DAG of jobs...
Using shell: /bin/bash
Provided cores: 1 (use --cores to define parallelism)
Rules claiming more threads will be scaled down.
Job counts:
	count	jobs
	1	BBDuk
	1	all
	2
Resources before job selection: {'_cores': 1, '_nodes': 9223372036854775807}
Ready jobs (1):
	BBDuk
Selected jobs (1):
	BBDuk
Resources after job selection: {'_cores': 0, '_nodes': 9223372036854775806}

[Mon Jan  3 12:45:00 2022]
rule BBDuk:
    input: ../resources/sample1_R1_FASTQ.fastq, ../resources/sample1_R2_FASTQ.fastq
    output: ../results/sample1_testing
    jobid: 1
    wildcards: sample=sample1

[Mon Jan  3 12:45:00 2022]
Finished job 1.
1 of 2 steps (50%) done
Resources before job selection: {'_cores': 1, '_nodes': 9223372036854775807}
Ready jobs (1):
	all
Selected jobs (1):
	all
Resources after job selection: {'_cores': 0, '_nodes': 9223372036854775806}

[Mon Jan  3 12:45:00 2022]
localrule all:
    input: ../results/sample1_testing
    jobid: 0

[Mon Jan  3 12:45:00 2022]
Finished job 0.
2 of 2 steps (100%) done
Complete log: /home/rebecca/omicon/transformations/BBDuk/Snakemake/workflow/.snakemake/log/2022-01-03T124500.695680.snakemake.log
unlocking
removing lock
removing lock
removed all locks
