Building DAG of jobs...
Using shell: /bin/bash
Provided cores: 1 (use --cores to define parallelism)
Rules claiming more threads will be scaled down.
Job stats:
job             count    min threads    max threads
------------  -------  -------------  -------------
BBDuk_PE            1              1              1
all                 1              1              1
session_info        1              1              1
total               3              1              1

Select jobs to execute...

[Mon Jan  3 14:14:00 2022]
rule session_info:
    output: ../results/projectname_SessionInfo.csv
    jobid: 2
    wildcards: projectname=projectname
    resources: tmpdir=/tmp

[Mon Jan  3 14:14:03 2022]
Finished job 2.
1 of 3 steps (33%) done
Select jobs to execute...

[Mon Jan  3 14:14:03 2022]
rule BBDuk_PE:
    input: ../resources/sample1_R1_FASTQ.fastq, ../resources/sample1_R2_FASTQ.fastq
    output: ../results/sample1_testing
    jobid: 1
    wildcards: sample=sample1
    resources: tmpdir=/tmp

[Mon Jan  3 14:14:04 2022]
Finished job 1.
2 of 3 steps (67%) done
Select jobs to execute...

[Mon Jan  3 14:14:04 2022]
localrule all:
    input: ../results/sample1_testing, ../results/projectname_SessionInfo.csv
    jobid: 0
    resources: tmpdir=/tmp

[Mon Jan  3 14:14:04 2022]
Finished job 0.
3 of 3 steps (100%) done
Complete log: /home/rebecca/omicon/transformations/BBDuk/Snakemake/workflow/.snakemake/log/2022-01-03T141400.492868.snakemake.log
