Building DAG of jobs...
Using shell: /bin/bash
Provided cores: 1 (use --cores to define parallelism)
Rules claiming more threads will be scaled down.
Job stats:
job             count    min threads    max threads
------------  -------  -------------  -------------
all                 1              1              1
session_info        1              1              1
total               2              1              1

Select jobs to execute...

[Mon Jan  3 14:03:17 2022]
rule session_info:
    output: ../results/projectname_SessionInfo.csv
    jobid: 2
    wildcards: projectname=projectname
    resources: tmpdir=/tmp

[Mon Jan  3 14:03:17 2022]
Error in rule session_info:
    jobid: 2
    output: ../results/projectname_SessionInfo.csv
    shell:
        Rscript /home/rebecca/omicon/code/makeSessionInfo.R
        (one of the commands exited with non-zero exit code; note that snakemake uses bash strict mode!)

Shutting down, this might take some time.
Exiting because a job execution failed. Look above for error message
Complete log: /home/rebecca/omicon/transformations/BBDuk/Snakemake/workflow/.snakemake/log/2022-01-03T140317.220223.snakemake.log
