Building DAG of jobs...
Using shell: /bin/bash
Provided cores: 1 (use --cores to define parallelism)
Rules claiming more threads will be scaled down.
Job stats:
job             count    min threads    max threads
------------  -------  -------------  -------------
all                 1              1              1
session_info        1              1              1
total               2              1              1

Select jobs to execute...

[Mon Jan  3 14:06:01 2022]
rule session_info:
    output: ../results/projectname_SessionInfo.csv
    jobid: 2
    wildcards: projectname=projectname
    resources: tmpdir=/tmp

[Mon Jan  3 14:06:01 2022]
Finished job 2.
1 of 2 steps (50%) done
Select jobs to execute...

[Mon Jan  3 14:06:01 2022]
localrule all:
    input: ../results/sample1_testing, ../results/projectname_SessionInfo.csv
    jobid: 0
    resources: tmpdir=/tmp

[Mon Jan  3 14:06:01 2022]
Finished job 0.
2 of 2 steps (100%) done
Complete log: /home/rebecca/omicon/transformations/BBDuk/Snakemake/workflow/.snakemake/log/2022-01-03T140600.955747.snakemake.log
