Building DAG of jobs...
Using shell: /bin/bash
Provided cores: 1 (use --cores to define parallelism)
Rules claiming more threads will be scaled down.
Job stats:
job             count    min threads    max threads
------------  -------  -------------  -------------
all                 1              1              1
session_info        1              1              1
total               2              1              1

Select jobs to execute...

[Mon Jan  3 14:05:00 2022]
rule session_info:
    output: ../results/projectname_SessionInfo.csv
    jobid: 2
    wildcards: projectname=projectname
    resources: tmpdir=/tmp

[Mon Jan  3 14:05:01 2022]
Error in rule session_info:
    jobid: 2
    output: ../results/projectname_SessionInfo.csv

RuleException:
CalledProcessError in line 47 of /home/rebecca/omicon/transformations/BBDuk/Snakemake/workflow/Snakefile:
Command 'set -euo pipefail;  Rscript --vanilla /home/rebecca/omicon/transformations/BBDuk/Snakemake/workflow/.snakemake/scripts/tmpar8dnpbm.makeSessionInfo.R' returned non-zero exit status 1.
  File "/home/rebecca/omicon/transformations/BBDuk/Snakemake/workflow/Snakefile", line 47, in __rule_session_info
  File "/home/shared/miniconda3/envs/snakemake/lib/python3.10/concurrent/futures/thread.py", line 58, in run
Shutting down, this might take some time.
Exiting because a job execution failed. Look above for error message
Complete log: /home/rebecca/omicon/transformations/BBDuk/Snakemake/workflow/.snakemake/log/2022-01-03T140500.769653.snakemake.log
