Building DAG of jobs...
Using shell: /bin/bash
Provided cores: 1 (use --cores to define parallelism)
Rules claiming more threads will be scaled down.
Job stats:
job             count    min threads    max threads
------------  -------  -------------  -------------
all                 1              1              1
attributes          1              1              1
session_info        1              1              1
total               3              1              1

Select jobs to execute...

[Mon Jan  3 15:14:49 2022]
rule session_info:
    output: ../results/projectname_BBDuk_SessionInfo.csv
    jobid: 2
    wildcards: projectname=projectname
    resources: tmpdir=/tmp

[Mon Jan  3 15:14:50 2022]
Finished job 2.
1 of 3 steps (33%) done
Select jobs to execute...

[Mon Jan  3 15:14:50 2022]
rule attributes:
    output: ../results/projectname_RawReads/sample1_testing
    jobid: 1
    wildcards: projectname=projectname, sample=sample1
    resources: tmpdir=/tmp

[Mon Jan  3 15:14:50 2022]
Error in rule attributes:
    jobid: 1
    output: ../results/projectname_RawReads/sample1_testing
    shell:
        mv ../results/sample1_testing ../results/projectname_RawReads/sample1_testing
        (one of the commands exited with non-zero exit code; note that snakemake uses bash strict mode!)

Shutting down, this might take some time.
Exiting because a job execution failed. Look above for error message
Complete log: /home/rebecca/omicon/transformations/BBDuk/Snakemake/workflow/.snakemake/log/2022-01-03T151449.633139.snakemake.log
